#
# There is insufficient memory for the Java Runtime Environment to continue.
# Native memory allocation (malloc) failed to allocate 1179136 bytes for Chunk::new
# Possible reasons:
#   The system is out of physical RAM or swap space
#   The process is running with CompressedOops enabled, and the Java Heap may be blocking the growth of the native heap
# Possible solutions:
#   Reduce memory load on the system
#   Increase physical memory or swap space
#   Check if swap backing store is full
#   Decrease Java heap size (-Xmx/-Xms)
#   Decrease number of Java threads
#   Decrease Java thread stack sizes (-Xss)
#   Set larger code cache with -XX:ReservedCodeCacheSize=
#   JVM is running with Unscaled Compressed Oops mode in which the Java heap is
#     placed in the first 4GB address space. The Java Heap base address is the
#     maximum limit for the native heap growth. Please use -XX:HeapBaseMinAddress
#     to set the Java Heap base and to place the Java Heap above 4GB virtual address.
# This output file may be truncated or incomplete.
#
#  Out of Memory Error (allocation.cpp:389), pid=9868, tid=0x00000000000009a8
#
# JRE version: OpenJDK Runtime Environment (8.0_242-b01) (build 1.8.0_242-release-1644-b01)
# Java VM: OpenJDK 64-Bit Server VM (25.242-b01 mixed mode windows-amd64 compressed oops)
# Failed to write core dump. Minidumps are not enabled by default on client versions of Windows
#

---------------  T H R E A D  ---------------

Current thread (0x0000000019f32000):  JavaThread "C2 CompilerThread0" daemon [_thread_in_native, id=2472, stack(0x000000001b430000,0x000000001b530000)]

Stack: [0x000000001b430000,0x000000001b530000]
[error occurred during error reporting (printing stack bounds), id 0xc0000005]

Native frames: (J=compiled Java code, j=interpreted, Vv=VM code, C=native code)


Current CompileTask:
C2:10063956 38047 %     4       com.android.tools.r8.ir.regalloc.a::a @ 1479 (1761 bytes)


---------------  P R O C E S S  ---------------

Java Threads: ( => current thread )
  0x0000000020ab0800 JavaThread "WorkerExecutor Queue Thread 32" [_thread_blocked, id=8532, stack(0x0000000028a00000,0x0000000028b00000)]
  0x0000000020ab2000 JavaThread "RMI TCP Connection(2)-127.0.0.1" daemon [_thread_in_native, id=10812, stack(0x000000002e130000,0x000000002e230000)]
  0x0000000028f8b000 JavaThread "RMI TCP Connection(idle)" daemon [_thread_blocked, id=12120, stack(0x000000002ce30000,0x000000002cf30000)]
  0x0000000028f83800 JavaThread "RMI Reaper" [_thread_blocked, id=5500, stack(0x000000002c900000,0x000000002ca00000)]
  0x0000000028f8a800 JavaThread "RMI TCP Accept-0" daemon [_thread_in_native, id=15668, stack(0x000000002c800000,0x000000002c900000)]
  0x0000000028f89000 JavaThread "GC Daemon" daemon [_thread_blocked, id=15392, stack(0x000000002c400000,0x000000002c500000)]
  0x0000000028f82000 JavaThread "RMI Scheduler(0)" daemon [_thread_blocked, id=13180, stack(0x000000001eff0000,0x000000001f0f0000)]
  0x0000000028f86000 JavaThread "ForkJoinPool.commonPool-worker-4" daemon [_thread_blocked, id=15172, stack(0x0000000028900000,0x0000000028a00000)]
  0x0000000028f7e000 JavaThread "ForkJoinPool.commonPool-worker-11" daemon [_thread_blocked, id=15156, stack(0x0000000028800000,0x0000000028900000)]
  0x0000000028f83000 JavaThread "WorkerExecutor Queue Thread 31" [_thread_blocked, id=15900, stack(0x000000003bf30000,0x000000003c030000)]
  0x0000000028f85000 JavaThread "WorkerExecutor Queue Thread 30" [_thread_blocked, id=3980, stack(0x000000003be30000,0x000000003bf30000)]
  0x0000000028f84800 JavaThread "WorkerExecutor Queue Thread 29" [_thread_in_native, id=9488, stack(0x000000003bd30000,0x000000003be30000)]
  0x000000001bead800 JavaThread "WorkerExecutor Queue Thread 28" [_thread_blocked, id=13076, stack(0x000000003bc30000,0x000000003bd30000)]
  0x000000002100b800 JavaThread "WorkerExecutor Queue Thread 27" [_thread_blocked, id=15680, stack(0x000000003bb30000,0x000000003bc30000)]
  0x000000002fd20000 JavaThread "WorkerExecutor Queue Thread 26" [_thread_blocked, id=14908, stack(0x000000003ba30000,0x000000003bb30000)]
  0x000000002fd24800 JavaThread "WorkerExecutor Queue Thread 24" [_thread_blocked, id=11596, stack(0x000000003b830000,0x000000003b930000)]
  0x000000002fd25800 JavaThread "WorkerExecutor Queue Thread 23" [_thread_blocked, id=6632, stack(0x0000000038cb0000,0x0000000038db0000)]
  0x000000002fd15000 JavaThread "WorkerExecutor Queue Thread 22" [_thread_blocked, id=14988, stack(0x0000000037570000,0x0000000037670000)]
  0x000000002fd18800 JavaThread "Cache worker for Java compile cache (F:\Android\kotlinTest\.gradle\6.8.2\javaCompile)" [_thread_blocked, id=15380, stack(0x0000000037270000,0x0000000037370000)]
  0x000000002fd16800 JavaThread "Cache worker for Java compile cache (C:\Users\qtkun\.gradle\caches\6.8.2\javaCompile)" [_thread_blocked, id=1104, stack(0x0000000036e30000,0x0000000036f30000)]
  0x000000002fd2d000 JavaThread "ForkJoinPool.commonPool-worker-9" daemon [_thread_blocked, id=8948, stack(0x000000003b530000,0x000000003b630000)]
  0x000000002fd18000 JavaThread "WorkerExecutor Queue Thread 17" [_thread_blocked, id=1504, stack(0x0000000038170000,0x0000000038270000)]
  0x000000002fd0f000 JavaThread "WorkerExecutor Queue Thread 13" [_thread_blocked, id=10412, stack(0x0000000037170000,0x0000000037270000)]
  0x000000002fd27800 JavaThread "stdout" [_thread_in_native, id=15412, stack(0x0000000038770000,0x0000000038870000)]
  0x000000002fd26000 JavaThread "stderr" [_thread_in_native, id=2288, stack(0x0000000038670000,0x0000000038770000)]
  0x000000002fd2b800 JavaThread "stdout" [_thread_in_native, id=4256, stack(0x0000000038570000,0x0000000038670000)]
  0x000000002fd1d000 JavaThread "stderr" [_thread_in_native, id=12424, stack(0x0000000038470000,0x0000000038570000)]
  0x000000002fd24000 JavaThread "stdout" [_thread_in_native, id=3320, stack(0x0000000038370000,0x0000000038470000)]
  0x000000002fd23000 JavaThread "stderr" [_thread_in_native, id=12812, stack(0x0000000038270000,0x0000000038370000)]
  0x000000002fd22800 JavaThread "stdout" [_thread_in_native, id=15252, stack(0x0000000038070000,0x0000000038170000)]
  0x000000002fd21800 JavaThread "stderr" [_thread_in_native, id=11616, stack(0x0000000037f70000,0x0000000038070000)]
  0x000000002fd1e800 JavaThread "stdout" [_thread_in_native, id=4784, stack(0x0000000037e70000,0x0000000037f70000)]
  0x000000002fd1c800 JavaThread "stderr" [_thread_in_native, id=6352, stack(0x0000000037d70000,0x0000000037e70000)]
  0x000000002fd1b800 JavaThread "stdout" [_thread_in_native, id=13760, stack(0x0000000037c70000,0x0000000037d70000)]
  0x000000002fd1f800 JavaThread "stderr" [_thread_in_native, id=15452, stack(0x0000000037b70000,0x0000000037c70000)]
  0x000000002fd21000 JavaThread "stdout" [_thread_in_native, id=3852, stack(0x0000000037a70000,0x0000000037b70000)]
  0x000000002fd1e000 JavaThread "stderr" [_thread_in_native, id=15620, stack(0x0000000037970000,0x0000000037a70000)]
  0x000000002fd14000 JavaThread "stdout" [_thread_in_native, id=2588, stack(0x0000000037870000,0x0000000037970000)]
  0x000000002fd1b000 JavaThread "stderr" [_thread_in_native, id=13252, stack(0x0000000037770000,0x0000000037870000)]
  0x000000002fd13800 JavaThread "pool-6-thread-1" [_thread_blocked, id=7316, stack(0x0000000037670000,0x0000000037770000)]
  0x00000000245ef000 JavaThread "Cache worker for execution history cache (F:\Android\kotlinTest\.gradle\6.8.2\executionHistory)" [_thread_blocked, id=8632, stack(0x00000000364e0000,0x00000000365e0000)]
  0x00000000245ee800 JavaThread "Execution worker for ':' Thread 11" [_thread_blocked, id=14884, stack(0x00000000363e0000,0x00000000364e0000)]
  0x00000000245f3800 JavaThread "Execution worker for ':' Thread 10" [_thread_blocked, id=14912, stack(0x00000000362e0000,0x00000000363e0000)]
  0x00000000245f2000 JavaThread "Execution worker for ':' Thread 9" [_thread_blocked, id=11620, stack(0x00000000361e0000,0x00000000362e0000)]
  0x00000000245f1800 JavaThread "Execution worker for ':' Thread 8" [_thread_blocked, id=12284, stack(0x00000000360e0000,0x00000000361e0000)]
  0x00000000245f3000 JavaThread "Execution worker for ':' Thread 7" [_thread_blocked, id=7444, stack(0x0000000035fe0000,0x00000000360e0000)]
  0x00000000245f0800 JavaThread "Execution worker for ':' Thread 6" [_thread_blocked, id=11584, stack(0x0000000035ee0000,0x0000000035fe0000)]
  0x00000000245f0000 JavaThread "Execution worker for ':' Thread 5" [_thread_blocked, id=2124, stack(0x0000000035de0000,0x0000000035ee0000)]
  0x00000000245ed800 JavaThread "Execution worker for ':' Thread 4" [_thread_blocked, id=6428, stack(0x0000000035ce0000,0x0000000035de0000)]
  0x00000000245e6000 JavaThread "Execution worker for ':' Thread 3" [_thread_blocked, id=9852, stack(0x0000000035be0000,0x0000000035ce0000)]
  0x00000000245ed000 JavaThread "Execution worker for ':' Thread 2" [_thread_blocked, id=2984, stack(0x0000000035ae0000,0x0000000035be0000)]
  0x00000000245e7000 JavaThread "Execution worker for ':'" [_thread_blocked, id=14864, stack(0x00000000359e0000,0x0000000035ae0000)]
  0x000000001e202000 JavaThread "Build operations Thread 12" [_thread_in_Java, id=8004, stack(0x0000000028700000,0x0000000028800000)]
  0x000000001e201800 JavaThread "Build operations Thread 11" [_thread_in_Java, id=14644, stack(0x0000000028190000,0x0000000028290000)]
  0x000000001e200000 JavaThread "Build operations Thread 10" [_thread_in_native, id=8340, stack(0x0000000027990000,0x0000000027a90000)]
  0x000000001e1ff000 JavaThread "Build operations Thread 9" [_thread_in_native, id=5784, stack(0x0000000027890000,0x0000000027990000)]
  0x000000001e1fc000 JavaThread "Build operations Thread 8" [_thread_in_native, id=15684, stack(0x0000000027790000,0x0000000027890000)]
  0x000000001e1fe800 JavaThread "Build operations Thread 7" [_thread_in_vm, id=10364, stack(0x0000000027690000,0x0000000027790000)]
  0x0000000020313800 JavaThread "Build operations Thread 6" [_thread_in_native, id=15612, stack(0x0000000027590000,0x0000000027690000)]
  0x0000000020316800 JavaThread "Build operations Thread 5" [_thread_in_Java, id=11888, stack(0x0000000027490000,0x0000000027590000)]
  0x0000000020316000 JavaThread "Build operations Thread 4" [_thread_in_Java, id=1300, stack(0x0000000027390000,0x0000000027490000)]
  0x0000000020313000 JavaThread "Build operations Thread 3" [_thread_in_Java, id=2388, stack(0x0000000026e30000,0x0000000026f30000)]
  0x0000000020315000 JavaThread "Build operations Thread 2" [_thread_in_Java, id=16296, stack(0x0000000026d30000,0x0000000026e30000)]
  0x0000000020314800 JavaThread "Build operations" [_thread_blocked, id=7080, stack(0x00000000237f0000,0x00000000238f0000)]
  0x0000000020317800 JavaThread "Cache worker for Build Output Cleanup Cache (F:\Android\kotlinTest\.gradle\buildOutputCleanup)" [_thread_blocked, id=14016, stack(0x0000000023030000,0x0000000023130000)]
  0x000000002030b800 JavaThread "Cache worker for cache directory md-rule (C:\Users\qtkun\.gradle\caches\6.8.2\md-rule)" [_thread_blocked, id=1424, stack(0x0000000022f30000,0x0000000023030000)]
  0x0000000020312000 JavaThread "Cache worker for cache directory md-supplier (C:\Users\qtkun\.gradle\caches\6.8.2\md-supplier)" [_thread_blocked, id=14012, stack(0x00000000229f0000,0x0000000022af0000)]
  0x0000000020311800 JavaThread "Cache worker for checksums cache (F:\Android\kotlinTest\.gradle\checksums)" [_thread_blocked, id=11904, stack(0x0000000022790000,0x0000000022890000)]
  0x000000002030a000 JavaThread "Cache worker for file hash cache (F:\Android\kotlinTest\.gradle\6.8.2\fileHashes)" [_thread_blocked, id=12716, stack(0x000000001f1f0000,0x000000001f2f0000)]
  0x000000002030a800 JavaThread "Daemon client event forwarder" [_thread_blocked, id=1416, stack(0x000000001f0f0000,0x000000001f1f0000)]
  0x0000000020309000 JavaThread "Asynchronous log dispatcher for DefaultDaemonConnection: socket connection from /127.0.0.1:62357 to /127.0.0.1:50985" [_thread_blocked, id=7132, stack(0x000000001ecf0000,0x000000001edf0000)]
  0x000000002030c000 JavaThread "Daemon worker Thread 3" [_thread_blocked, id=16180, stack(0x000000001ebf0000,0x000000001ecf0000)]
  0x000000002030e800 JavaThread "Cancel handler" [_thread_blocked, id=2496, stack(0x000000001e640000,0x000000001e740000)]
  0x000000002030d800 JavaThread "Handler for socket connection from /127.0.0.1:62357 to /127.0.0.1:50985" [_thread_in_native, id=11516, stack(0x000000001e540000,0x000000001e640000)]
  0x0000000020310000 JavaThread "Daemon Thread 3" [_thread_blocked, id=10724, stack(0x00000000015c0000,0x00000000016c0000)]
  0x0000000020308000 JavaThread "Memory manager" [_thread_blocked, id=5156, stack(0x000000002ec90000,0x000000002ed90000)]
  0x0000000020ab1800 JavaThread "Cache worker for file content cache (C:\Users\qtkun\.gradle\caches\6.8.2\fileContent)" [_thread_blocked, id=11536, stack(0x00000000241f0000,0x00000000242f0000)]
  0x0000000020ab7800 JavaThread "Cache worker for execution history cache (C:\Users\qtkun\.gradle\caches\6.8.2\executionHistory)" [_thread_blocked, id=11292, stack(0x00000000238f0000,0x00000000239f0000)]
  0x000000001beab800 JavaThread "Cache worker for journal cache (C:\Users\qtkun\.gradle\caches\journal-1)" [_thread_blocked, id=11604, stack(0x00000000208c0000,0x00000000209c0000)]
  0x000000001beaa800 JavaThread "File lock request listener" [_thread_in_native, id=3196, stack(0x000000001f5f0000,0x000000001f6f0000)]
  0x000000001bddd000 JavaThread "Cache worker for file hash cache (C:\Users\qtkun\.gradle\caches\6.8.2\fileHashes)" [_thread_blocked, id=12044, stack(0x000000001f4f0000,0x000000001f5f0000)]
  0x000000001da81000 JavaThread "Daemon periodic checks" [_thread_blocked, id=1264, stack(0x000000001e8f0000,0x000000001e9f0000)]
  0x000000001dae8800 JavaThread "Incoming local TCP Connector on port 62357" [_thread_in_native, id=13860, stack(0x000000001e740000,0x000000001e840000)]
  0x000000001da09800 JavaThread "Daemon health stats" [_thread_blocked, id=9532, stack(0x000000001e440000,0x000000001e540000)]
  0x0000000019f7d000 JavaThread "Service Thread" daemon [_thread_blocked, id=10604, stack(0x000000001b830000,0x000000001b930000)]
  0x0000000019f41000 JavaThread "C1 CompilerThread3" daemon [_thread_blocked, id=7652, stack(0x000000001b730000,0x000000001b830000)]
  0x0000000019f40000 JavaThread "C2 CompilerThread2" daemon [_thread_in_native, id=12820, stack(0x000000001b630000,0x000000001b730000)]
  0x0000000019f3a000 JavaThread "C2 CompilerThread1" daemon [_thread_in_native, id=5992, stack(0x000000001b530000,0x000000001b630000)]
=>0x0000000019f32000 JavaThread "C2 CompilerThread0" daemon [_thread_in_native, id=2472, stack(0x000000001b430000,0x000000001b530000)]
  0x0000000019edb000 JavaThread "Attach Listener" daemon [_thread_blocked, id=3876, stack(0x000000001b330000,0x000000001b430000)]
  0x0000000019eda000 JavaThread "Signal Dispatcher" daemon [_thread_blocked, id=10232, stack(0x000000001b230000,0x000000001b330000)]
  0x0000000018802000 JavaThread "Finalizer" daemon [_thread_blocked, id=8112, stack(0x000000001b130000,0x000000001b230000)]
  0x0000000019ec3000 JavaThread "Reference Handler" daemon [_thread_blocked, id=8876, stack(0x000000001b030000,0x000000001b130000)]
  0x000000000338e000 JavaThread "main" [_thread_blocked, id=2036, stack(0x0000000003390000,0x0000000003490000)]

Other Threads:
  0x00000000187f5800 VMThread [stack: 0x000000001af30000,0x000000001b030000] [id=3728]
  0x0000000019f7e800 WatcherThread [stack: 0x000000001b930000,0x000000001ba30000] [id=15204]

VM state:not at safepoint (normal execution)

VM Mutex/Monitor currently owned by a thread: None

heap address: 0x0000000080000000, size: 2048 MB, Compressed Oops mode: 32-bit
Narrow klass base: 0x0000000000000000, Narrow klass shift: 3
Compressed class space size: 1073741824 Address: 0x0000000100000000

Heap:
 PSYoungGen      total 605184K, used 257470K [0x00000000d5580000, 0x00000000ff600000, 0x0000000100000000)
  eden space 524800K, 44% used [0x00000000d5580000,0x00000000e39259a0,0x00000000f5600000)
  from space 80384K, 30% used [0x00000000fa780000,0x00000000fbf4a000,0x00000000ff600000)
  to   space 81920K, 0% used [0x00000000f5600000,0x00000000f5600000,0x00000000fa600000)
 ParOldGen       total 495616K, used 409832K [0x0000000080000000, 0x000000009e400000, 0x00000000d5580000)
  object space 495616K, 82% used [0x0000000080000000,0x000000009903a048,0x000000009e400000)
 Metaspace       used 168374K, capacity 179144K, committed 179416K, reserved 1206272K
  class space    used 21123K, capacity 23145K, committed 23296K, reserved 1048576K

Card table byte_map: [0x0000000012950000,0x0000000012d60000] byte_map_base: 0x0000000012550000

Marking Bits: (ParMarkBitMap*) 0x00000000694af030
 Begin Bits: [0x0000000013a10000, 0x0000000015a10000)
 End Bits:   [0x0000000015a10000, 0x0000000017a10000)

Polling page: 0x0000000001280000

CodeCache: size=245760Kb used=109236Kb max_used=109236Kb free=136523Kb
 bounds [0x0000000003590000, 0x000000000a0d0000, 0x0000000012590000]
 total_blobs=30290 nmethods=29240 adapters=961
 compilation: enabled

Compilation events (10 events):
Event: 10063.942 Thread 0x0000000019f41000 38866       2       com.android.tools.r8.q.a.a.b.P::a (59 bytes)
Event: 10063.943 Thread 0x0000000019f41000 nmethod 38866 0x000000000a0bdbd0 code [0x000000000a0bdda0, 0x000000000a0be188]
Event: 10063.944 Thread 0x0000000019f41000 38867       2       com.google.common.hash.HashCode::<init> (5 bytes)
Event: 10063.944 Thread 0x0000000019f41000 nmethod 38867 0x000000000a0be3d0 code [0x000000000a0be520, 0x000000000a0be670]
Event: 10063.944 Thread 0x0000000019f41000 38868       2       com.android.tools.r8.ir.optimize.l::a (136 bytes)
Event: 10063.945 Thread 0x0000000019f41000 nmethod 38868 0x000000000a0be710 code [0x000000000a0be920, 0x000000000a0bef08]
Event: 10063.945 Thread 0x0000000019f41000 38869       2       com.android.tools.r8.ir.optimize.l::a (122 bytes)
Event: 10063.945 Thread 0x0000000019f41000 nmethod 38869 0x000000000a0bf410 code [0x000000000a0bf600, 0x000000000a0bf9f8]
Event: 10063.952 Thread 0x0000000019f41000 38870       2       java.util.HashMap::newTreeNode (13 bytes)
Event: 10063.953 Thread 0x0000000019f41000 nmethod 38870 0x000000000a0bfe50 code [0x000000000a0bffa0, 0x000000000a0c0190]

GC Heap History (10 events):
Event: 10062.773 GC heap before
{Heap before GC invocations=74 (full 6):
 PSYoungGen      total 568832K, used 493574K [0x00000000d5580000, 0x00000000ff780000, 0x0000000100000000)
  eden space 459264K, 100% used [0x00000000d5580000,0x00000000f1600000,0x00000000f1600000)
  from space 109568K, 31% used [0x00000000f1600000,0x00000000f3781a90,0x00000000f8100000)
  to   space 103424K, 0% used [0x00000000f9280000,0x00000000f9280000,0x00000000ff780000)
 ParOldGen       total 495616K, used 300956K [0x0000000080000000, 0x000000009e400000, 0x00000000d5580000)
  object space 495616K, 60% used [0x0000000080000000,0x00000000925e73f0,0x000000009e400000)
 Metaspace       used 167437K, capacity 178154K, committed 178392K, reserved 1204224K
  class space    used 21117K, capacity 23142K, committed 23296K, reserved 1048576K
Event: 10062.795 GC heap after
Heap after GC invocations=74 (full 6):
 PSYoungGen      total 581632K, used 29833K [0x00000000d5580000, 0x00000000ff000000, 0x0000000100000000)
  eden space 485888K, 0% used [0x00000000d5580000,0x00000000d5580000,0x00000000f3000000)
  from space 95744K, 31% used [0x00000000f9280000,0x00000000fafa2570,0x00000000ff000000)
  to   space 98304K, 0% used [0x00000000f3000000,0x00000000f3000000,0x00000000f9000000)
 ParOldGen       total 495616K, used 325884K [0x0000000080000000, 0x000000009e400000, 0x00000000d5580000)
  object space 495616K, 65% used [0x0000000080000000,0x0000000093e3f220,0x000000009e400000)
 Metaspace       used 167437K, capacity 178154K, committed 178392K, reserved 1204224K
  class space    used 21117K, capacity 23142K, committed 23296K, reserved 1048576K
}
Event: 10063.060 GC heap before
{Heap before GC invocations=75 (full 6):
 PSYoungGen      total 581632K, used 515721K [0x00000000d5580000, 0x00000000ff000000, 0x0000000100000000)
  eden space 485888K, 100% used [0x00000000d5580000,0x00000000f3000000,0x00000000f3000000)
  from space 95744K, 31% used [0x00000000f9280000,0x00000000fafa2570,0x00000000ff000000)
  to   space 98304K, 0% used [0x00000000f3000000,0x00000000f3000000,0x00000000f9000000)
 ParOldGen       total 495616K, used 325884K [0x0000000080000000, 0x000000009e400000, 0x00000000d5580000)
  object space 495616K, 65% used [0x0000000080000000,0x0000000093e3f220,0x000000009e400000)
 Metaspace       used 167651K, capacity 178376K, committed 178648K, reserved 1204224K
  class space    used 21118K, capacity 23143K, committed 23296K, reserved 1048576K
Event: 10063.083 GC heap after
Heap after GC invocations=75 (full 6):
 PSYoungGen      total 584192K, used 26967K [0x00000000d5580000, 0x00000000ff980000, 0x0000000100000000)
  eden space 485888K, 0% used [0x00000000d5580000,0x00000000d5580000,0x00000000f3000000)
  from space 98304K, 27% used [0x00000000f3000000,0x00000000f4a55da0,0x00000000f9000000)
  to   space 93696K, 0% used [0x00000000f9e00000,0x00000000f9e00000,0x00000000ff980000)
 ParOldGen       total 495616K, used 348714K [0x0000000080000000, 0x000000009e400000, 0x00000000d5580000)
  object space 495616K, 70% used [0x0000000080000000,0x000000009548abe8,0x000000009e400000)
 Metaspace       used 167651K, capacity 178376K, committed 178648K, reserved 1204224K
  class space    used 21118K, capacity 23143K, committed 23296K, reserved 1048576K
}
Event: 10063.332 GC heap before
{Heap before GC invocations=76 (full 6):
 PSYoungGen      total 584192K, used 512855K [0x00000000d5580000, 0x00000000ff980000, 0x0000000100000000)
  eden space 485888K, 100% used [0x00000000d5580000,0x00000000f3000000,0x00000000f3000000)
  from space 98304K, 27% used [0x00000000f3000000,0x00000000f4a55da0,0x00000000f9000000)
  to   space 93696K, 0% used [0x00000000f9e00000,0x00000000f9e00000,0x00000000ff980000)
 ParOldGen       total 495616K, used 348714K [0x0000000080000000, 0x000000009e400000, 0x00000000d5580000)
  object space 495616K, 70% used [0x0000000080000000,0x000000009548abe8,0x000000009e400000)
 Metaspace       used 167950K, capacity 178684K, committed 178904K, reserved 1204224K
  class space    used 21120K, capacity 23143K, committed 23296K, reserved 1048576K
Event: 10063.356 GC heap after
Heap after GC invocations=76 (full 6):
 PSYoungGen      total 593408K, used 29770K [0x00000000d5580000, 0x00000000ff280000, 0x0000000100000000)
  eden space 506880K, 0% used [0x00000000d5580000,0x00000000d5580000,0x00000000f4480000)
  from space 86528K, 34% used [0x00000000f9e00000,0x00000000fbb12838,0x00000000ff280000)
  to   space 89088K, 0% used [0x00000000f4480000,0x00000000f4480000,0x00000000f9b80000)
 ParOldGen       total 495616K, used 365250K [0x0000000080000000, 0x000000009e400000, 0x00000000d5580000)
  object space 495616K, 73% used [0x0000000080000000,0x00000000964b0988,0x000000009e400000)
 Metaspace       used 167950K, capacity 178684K, committed 178904K, reserved 1204224K
  class space    used 21120K, capacity 23143K, committed 23296K, reserved 1048576K
}
Event: 10063.584 GC heap before
{Heap before GC invocations=77 (full 6):
 PSYoungGen      total 593408K, used 536650K [0x00000000d5580000, 0x00000000ff280000, 0x0000000100000000)
  eden space 506880K, 100% used [0x00000000d5580000,0x00000000f4480000,0x00000000f4480000)
  from space 86528K, 34% used [0x00000000f9e00000,0x00000000fbb12838,0x00000000ff280000)
  to   space 89088K, 0% used [0x00000000f4480000,0x00000000f4480000,0x00000000f9b80000)
 ParOldGen       total 495616K, used 365250K [0x0000000080000000, 0x000000009e400000, 0x00000000d5580000)
  object space 495616K, 73% used [0x0000000080000000,0x00000000964b0988,0x000000009e400000)
 Metaspace       used 168245K, capacity 179060K, committed 179416K, reserved 1206272K
  class space    used 21123K, capacity 23145K, committed 23296K, reserved 1048576K
Event: 10063.601 GC heap after
Heap after GC invocations=77 (full 6):
 PSYoungGen      total 595968K, used 28561K [0x00000000d5580000, 0x00000000ffa80000, 0x0000000100000000)
  eden space 506880K, 0% used [0x00000000d5580000,0x00000000d5580000,0x00000000f4480000)
  from space 89088K, 32% used [0x00000000f4480000,0x00000000f60645f0,0x00000000f9b80000)
  to   space 84992K, 0% used [0x00000000fa780000,0x00000000fa780000,0x00000000ffa80000)
 ParOldGen       total 495616K, used 386531K [0x0000000080000000, 0x000000009e400000, 0x00000000d5580000)
  object space 495616K, 77% used [0x0000000080000000,0x0000000097978d58,0x000000009e400000)
 Metaspace       used 168245K, capacity 179060K, committed 179416K, reserved 1206272K
  class space    used 21123K, capacity 23145K, committed 23296K, reserved 1048576K
}
Event: 10063.839 GC heap before
{Heap before GC invocations=78 (full 6):
 PSYoungGen      total 595968K, used 535441K [0x00000000d5580000, 0x00000000ffa80000, 0x0000000100000000)
  eden space 506880K, 100% used [0x00000000d5580000,0x00000000f4480000,0x00000000f4480000)
  from space 89088K, 32% used [0x00000000f4480000,0x00000000f60645f0,0x00000000f9b80000)
  to   space 84992K, 0% used [0x00000000fa780000,0x00000000fa780000,0x00000000ffa80000)
 ParOldGen       total 495616K, used 386531K [0x0000000080000000, 0x000000009e400000, 0x00000000d5580000)
  object space 495616K, 77% used [0x0000000080000000,0x0000000097978d58,0x000000009e400000)
 Metaspace       used 168352K, capacity 179144K, committed 179416K, reserved 1206272K
  class space    used 21123K, capacity 23145K, committed 23296K, reserved 1048576K
Event: 10063.859 GC heap after
Heap after GC invocations=78 (full 6):
 PSYoungGen      total 605184K, used 24360K [0x00000000d5580000, 0x00000000ff600000, 0x0000000100000000)
  eden space 524800K, 0% used [0x00000000d5580000,0x00000000d5580000,0x00000000f5600000)
  from space 80384K, 30% used [0x00000000fa780000,0x00000000fbf4a000,0x00000000ff600000)
  to   space 81920K, 0% used [0x00000000f5600000,0x00000000f5600000,0x00000000fa600000)
 ParOldGen       total 495616K, used 409832K [0x0000000080000000, 0x000000009e400000, 0x00000000d5580000)
  object space 495616K, 82% used [0x0000000080000000,0x000000009903a048,0x000000009e400000)
 Metaspace       used 168352K, capacity 179144K, committed 179416K, reserved 1206272K
  class space    used 21123K, capacity 23145K, committed 23296K, reserved 1048576K
}

Deoptimization events (10 events):
Event: 10062.118 Thread 0x000000001e1fc000 Uncommon trap: reason=null_check action=make_not_entrant pc=0x0000000008e0b584 method=com.android.tools.r8.graph.i0.computeEquals(Ljava/lang/Object;)Z @ 1
Event: 10062.505 Thread 0x000000001e1fc000 Uncommon trap: reason=unstable_if action=reinterpret pc=0x000000000886c8bc method=java.lang.Long.numberOfTrailingZeros(J)I @ 3
Event: 10062.555 Thread 0x000000001e201800 Uncommon trap: reason=class_check action=maybe_recompile pc=0x0000000003ca2ac8 method=com.android.tools.r8.ir.conversion.m.a(ILjava/util/List;Lcom/android/tools/r8/t/a/a/a/h/W0;)Lcom/android/tools/r8/ir/conversion/m; @ 10
Event: 10062.858 Thread 0x000000001e201800 Uncommon trap: reason=class_check action=maybe_recompile pc=0x0000000003ca2ac8 method=com.android.tools.r8.ir.conversion.m.a(ILjava/util/List;Lcom/android/tools/r8/t/a/a/a/h/W0;)Lcom/android/tools/r8/ir/conversion/m; @ 10
Event: 10063.292 Thread 0x000000001e201800 Uncommon trap: reason=unstable_if action=reinterpret pc=0x000000000789346c method=com.android.ide.common.blame.SourceFilePosition.equals(Ljava/lang/Object;)Z @ 2
Event: 10063.292 Thread 0x000000001e201800 Uncommon trap: reason=unstable_if action=reinterpret pc=0x00000000079aa5d0 method=com.google.common.base.Objects.equal(Ljava/lang/Object;Ljava/lang/Object;)Z @ 6
Event: 10063.319 Thread 0x0000000020316800 Uncommon trap: reason=class_check action=maybe_recompile pc=0x0000000003ca2ac8 method=com.android.tools.r8.ir.conversion.m.a(ILjava/util/List;Lcom/android/tools/r8/t/a/a/a/h/W0;)Lcom/android/tools/r8/ir/conversion/m; @ 10
Event: 10063.443 Thread 0x0000000020316800 Uncommon trap: reason=class_check action=maybe_recompile pc=0x0000000003ca2ac8 method=com.android.tools.r8.ir.conversion.m.a(ILjava/util/List;Lcom/android/tools/r8/t/a/a/a/h/W0;)Lcom/android/tools/r8/ir/conversion/m; @ 10
Event: 10063.553 Thread 0x0000000020316000 Uncommon trap: reason=unstable_if action=reinterpret pc=0x000000000979d758 method=com.android.tools.r8.graph.i0.a([C)I @ 68
Event: 10063.621 Thread 0x0000000020316800 Uncommon trap: reason=unstable_if action=reinterpret pc=0x0000000009f65fa0 method=com.android.tools.r8.t.a.a.a.f.X$e.contains(Ljava/lang/Object;)Z @ 124

Classes redefined (0 events):
No events

Internal exceptions (10 events):
Event: 10063.583 Thread 0x000000001e1fc000 Exception <a 'sun/nio/fs/WindowsException'> (0x00000000f2d80778) thrown at [C:\src\AOSP-openjdk-git\hotspot\src\share\vm\prims\jni.cpp, line 710]
Event: 10063.644 Thread 0x0000000020315000 Exception <a 'sun/nio/fs/WindowsException'> (0x00000000db0217a8) thrown at [C:\src\AOSP-openjdk-git\hotspot\src\share\vm\prims\jni.cpp, line 710]
Event: 10063.659 Thread 0x0000000020315000 Exception <a 'sun/nio/fs/WindowsException'> (0x00000000dcc08570) thrown at [C:\src\AOSP-openjdk-git\hotspot\src\share\vm\prims\jni.cpp, line 710]
Event: 10063.723 Thread 0x000000001e1fc000 Exception <a 'sun/nio/fs/WindowsException'> (0x00000000e5635218) thrown at [C:\src\AOSP-openjdk-git\hotspot\src\share\vm\prims\jni.cpp, line 710]
Event: 10063.759 Thread 0x0000000020315000 Exception <a 'sun/nio/fs/WindowsException'> (0x00000000eaf3e148) thrown at [C:\src\AOSP-openjdk-git\hotspot\src\share\vm\prims\jni.cpp, line 710]
Event: 10063.764 Thread 0x0000000020313800 Exception <a 'sun/nio/fs/WindowsException'> (0x00000000eb41b7d0) thrown at [C:\src\AOSP-openjdk-git\hotspot\src\share\vm\prims\jni.cpp, line 710]
Event: 10063.777 Thread 0x0000000020313800 Exception <a 'sun/nio/fs/WindowsException'> (0x00000000ece8b438) thrown at [C:\src\AOSP-openjdk-git\hotspot\src\share\vm\prims\jni.cpp, line 710]
Event: 10063.790 Thread 0x000000001e1ff000 Exception <a 'sun/nio/fs/WindowsException'> (0x00000000ec42a558) thrown at [C:\src\AOSP-openjdk-git\hotspot\src\share\vm\prims\jni.cpp, line 710]
Event: 10063.804 Thread 0x000000001e1fc000 Exception <a 'sun/nio/fs/WindowsException'> (0x00000000eff9def8) thrown at [C:\src\AOSP-openjdk-git\hotspot\src\share\vm\prims\jni.cpp, line 710]
Event: 10063.828 Thread 0x000000001e1fe800 Exception <a 'sun/nio/fs/WindowsException'> (0x00000000f285d3d0) thrown at [C:\src\AOSP-openjdk-git\hotspot\src\share\vm\prims\jni.cpp, line 710]

Events (10 events):
Event: 10063.938 Thread 0x0000000020315000 DEOPT PACKING pc=0x0000000009c74e95 sp=0x0000000026e2a130
Event: 10063.938 Thread 0x0000000020315000 DEOPT UNPACKING pc=0x00000000035d71d0 sp=0x0000000026e2a118 mode 0
Event: 10063.943 Thread 0x0000000020316000 DEOPT PACKING pc=0x00000000092ae1b6 sp=0x0000000027489b30
Event: 10063.943 Thread 0x0000000020316000 DEOPT UNPACKING pc=0x00000000035d71d0 sp=0x00000000274899f0 mode 0
Event: 10063.945 Thread 0x0000000020316800 DEOPT PACKING pc=0x00000000098c976b sp=0x00000000275893d0
Event: 10063.945 Thread 0x0000000020316800 DEOPT UNPACKING pc=0x00000000035d71d0 sp=0x0000000027589418 mode 0
Event: 10063.950 Thread 0x0000000020313000 DEOPT PACKING pc=0x000000000974d931 sp=0x0000000026f2a100
Event: 10063.950 Thread 0x0000000020313000 DEOPT UNPACKING pc=0x00000000035d71d0 sp=0x0000000026f29ec0 mode 0
Event: 10063.950 Thread 0x0000000020313000 DEOPT PACKING pc=0x000000000967136c sp=0x0000000026f2a210
Event: 10063.950 Thread 0x0000000020313000 DEOPT UNPACKING pc=0x00000000035d71d0 sp=0x0000000026f2a058 mode 0


Dynamic libraries:
0x00007ff604c40000 - 0x00007ff604c71000 	F:\Program Files\Android\Android Studio\jre\bin\java.exe
0x00007fff51400000 - 0x00007fff515f0000 	C:\Windows\SYSTEM32\ntdll.dll
0x00007fff4f580000 - 0x00007fff4f632000 	C:\Windows\System32\KERNEL32.DLL
0x00007fff4e700000 - 0x00007fff4e9a5000 	C:\Windows\System32\KERNELBASE.dll
0x00007fff505f0000 - 0x00007fff50693000 	C:\Windows\System32\ADVAPI32.dll
0x00007fff50260000 - 0x00007fff502fe000 	C:\Windows\System32\msvcrt.dll
0x00007fff50060000 - 0x00007fff500f7000 	C:\Windows\System32\sechost.dll
0x00007fff4fe90000 - 0x00007fff4ffaf000 	C:\Windows\System32\RPCRT4.dll
0x00007fff50300000 - 0x00007fff50494000 	C:\Windows\System32\USER32.dll
0x00007fff4f480000 - 0x00007fff4f4a1000 	C:\Windows\System32\win32u.dll
0x00007fff4ffb0000 - 0x00007fff4ffd6000 	C:\Windows\System32\GDI32.dll
0x00007fff4e400000 - 0x00007fff4e598000 	C:\Windows\System32\gdi32full.dll
0x00007fff4ea80000 - 0x00007fff4eb1e000 	C:\Windows\System32\msvcp_win.dll
0x00007fff4f380000 - 0x00007fff4f47a000 	C:\Windows\System32\ucrtbase.dll
0x00007fff3ad00000 - 0x00007fff3af84000 	C:\Windows\WinSxS\amd64_microsoft.windows.common-controls_6595b64144ccf1df_6.0.18362.1440_none_9e7dbfb9e45e8e67\COMCTL32.dll
0x00007fff50ff0000 - 0x00007fff51326000 	C:\Windows\System32\combase.dll
0x00007fff4e370000 - 0x00007fff4e3f1000 	C:\Windows\System32\bcryptPrimitives.dll
0x00007fff51330000 - 0x00007fff5135e000 	C:\Windows\System32\IMM32.DLL
0x0000000068150000 - 0x0000000068222000 	F:\Program Files\Android\Android Studio\jre\jre\bin\msvcr100.dll
0x0000000068ce0000 - 0x000000006952b000 	F:\Program Files\Android\Android Studio\jre\jre\bin\server\jvm.dll
0x00007fff4f650000 - 0x00007fff4f658000 	C:\Windows\System32\PSAPI.DLL
0x00007fff4ac10000 - 0x00007fff4ac19000 	C:\Windows\SYSTEM32\WSOCK32.dll
0x00007fff4bda0000 - 0x00007fff4bdc4000 	C:\Windows\SYSTEM32\WINMM.dll
0x00007fff4fe20000 - 0x00007fff4fe8f000 	C:\Windows\System32\WS2_32.dll
0x00007fff496e0000 - 0x00007fff496ea000 	C:\Windows\SYSTEM32\VERSION.dll
0x00007fff4bd70000 - 0x00007fff4bd9d000 	C:\Windows\SYSTEM32\WINMMBASE.dll
0x00007fff4eb50000 - 0x00007fff4eb9a000 	C:\Windows\System32\cfgmgr32.dll
0x00007fff4c230000 - 0x00007fff4c23f000 	F:\Program Files\Android\Android Studio\jre\jre\bin\verify.dll
0x00007fff468e0000 - 0x00007fff46909000 	F:\Program Files\Android\Android Studio\jre\jre\bin\java.dll
0x00007fff469c0000 - 0x00007fff469d6000 	F:\Program Files\Android\Android Studio\jre\jre\bin\zip.dll
0x00007fff50700000 - 0x00007fff50de8000 	C:\Windows\System32\SHELL32.dll
0x00007fff4fd50000 - 0x00007fff4fdf7000 	C:\Windows\System32\shcore.dll
0x00007fff4eba0000 - 0x00007fff4f31b000 	C:\Windows\System32\windows.storage.dll
0x00007fff4e300000 - 0x00007fff4e31e000 	C:\Windows\System32\profapi.dll
0x00007fff4e320000 - 0x00007fff4e36a000 	C:\Windows\System32\powrprof.dll
0x00007fff4e2b0000 - 0x00007fff4e2c0000 	C:\Windows\System32\UMPDC.dll
0x00007fff4fcf0000 - 0x00007fff4fd42000 	C:\Windows\System32\shlwapi.dll
0x00007fff4e2c0000 - 0x00007fff4e2d1000 	C:\Windows\System32\kernel.appcore.dll
0x00007fff4e9b0000 - 0x00007fff4e9c7000 	C:\Windows\System32\cryptsp.dll
0x00007fff46930000 - 0x00007fff4694a000 	F:\Program Files\Android\Android Studio\jre\jre\bin\net.dll
0x00007fff4daf0000 - 0x00007fff4db57000 	C:\Windows\system32\mswsock.dll
0x00007fff468b0000 - 0x00007fff468c3000 	F:\Program Files\Android\Android Studio\jre\jre\bin\nio.dll
0x00007fff21d00000 - 0x00007fff21d27000 	C:\Users\qtkun\.gradle\native\fdc75f09e3144964f2cf3f50f0aa648679c211496f362492102eb8c894070792\windows-amd64\native-platform.dll
0x00007fff00f50000 - 0x00007fff010e6000 	C:\Users\qtkun\.gradle\native\12488b8bf47d2d4c9fbf2f6322a914ad602e24e48041cd04a747c6da556b65c4\windows-amd64\native-platform-file-events.dll
0x00007fff4ab40000 - 0x00007fff4ab4d000 	F:\Program Files\Android\Android Studio\jre\jre\bin\management.dll
0x00007fff4d670000 - 0x00007fff4d6a3000 	C:\Windows\system32\rsaenh.dll
0x00007fff4eb20000 - 0x00007fff4eb46000 	C:\Windows\System32\bcrypt.dll
0x00007fff4e1d0000 - 0x00007fff4e1f5000 	C:\Windows\SYSTEM32\USERENV.dll
0x00007fff4dcc0000 - 0x00007fff4dccc000 	C:\Windows\SYSTEM32\CRYPTBASE.dll
0x00007fff4d800000 - 0x00007fff4d83a000 	C:\Windows\SYSTEM32\IPHLPAPI.DLL
0x00007fff4f640000 - 0x00007fff4f648000 	C:\Windows\System32\NSI.dll
0x00007fff492a0000 - 0x00007fff492b6000 	C:\Windows\SYSTEM32\dhcpcsvc6.DLL
0x00007fff49280000 - 0x00007fff4929c000 	C:\Windows\SYSTEM32\dhcpcsvc.DLL
0x00007fff4d840000 - 0x00007fff4d90b000 	C:\Windows\SYSTEM32\DNSAPI.dll
0x00007fff496f0000 - 0x00007fff496fb000 	C:\Windows\SYSTEM32\WINNSI.DLL
0x00007fff20fc0000 - 0x00007fff20fe4000 	F:\Program Files\Android\Android Studio\jre\jre\bin\sunec.dll
0x00007fff46300000 - 0x00007fff4630b000 	F:\Program Files\Android\Android Studio\jre\jre\bin\sunmscapi.dll
0x00007fff4e5a0000 - 0x00007fff4e6f1000 	C:\Windows\System32\CRYPT32.dll
0x00007fff4e2e0000 - 0x00007fff4e2f2000 	C:\Windows\System32\MSASN1.dll
0x00007fff40b40000 - 0x00007fff40b4a000 	C:\Windows\System32\rasadhlp.dll
0x00007fff487a0000 - 0x00007fff48817000 	C:\Windows\System32\fwpuclnt.dll
0x00007fff4d2f0000 - 0x00007fff4d321000 	C:\Windows\SYSTEM32\ntmarta.dll
0x00007fff4c460000 - 0x00007fff4c4ef000 	C:\Windows\system32\apphelp.dll
0x00007fff4ac20000 - 0x00007fff4ac3e000 	C:\Users\qtkun\AppData\Local\Temp\native-platform8292885435979285075dir\native-platform.dll
0x0000000066e00000 - 0x0000000066f03000 	C:\Users\qtkun\AppData\Local\Temp\sqlite-3.25.2-465f6cbe-e6fa-489e-8b3e-2fe5958c60e6-sqlitejdbc.dll

VM Arguments:
jvm_args: -Xmx2048m -Dfile.encoding=GBK -Duser.country=CN -Duser.language=zh -Duser.variant 
java_command: org.gradle.launcher.daemon.bootstrap.GradleDaemon 6.8.2
java_class_path (initial): C:\Users\qtkun\.gradle\wrapper\dists\gradle-6.8.2-bin\5nlkemqlnno2amj7d1mfn69bt\gradle-6.8.2\lib\gradle-launcher-6.8.2.jar
Launcher Type: SUN_STANDARD

Environment Variables:
JAVA_HOME=F:\Program Files\Java\jdk1.8.0_281
CLASSPATH=.;F:\Program Files\Java\jdk1.8.0_281\lib;F:\Program Files\Java\jdk1.8.0_281\lib\tools.jar
PATH=C:\Windows\system32;C:\Windows;C:\Windows\System32\Wbem;C:\Windows\System32\WindowsPowerShell\v1.0\;C:\Windows\System32\OpenSSH\;C:\Program Files (x86)\NVIDIA Corporation\PhysX\Common;C:\Program Files\NVIDIA Corporation\NVIDIA NvDLISR;F:\Program Files\Java\jdk1.8.0_281\bin;F:\Program Files\Git\cmd;C:\Users\qtkun\AppData\Local\Android\Sdk\tools\;C:\Users\qtkun\AppData\Local\Android\Sdk\platform-tools\;C:\Users\qtkun\AppData\Local\Microsoft\WindowsApps;D:\Programs\Fiddler;F:\flutter\bin;
USERNAME=qtkun
OS=Windows_NT
PROCESSOR_IDENTIFIER=AMD64 Family 23 Model 113 Stepping 0, AuthenticAMD



---------------  S Y S T E M  ---------------

OS: Windows 10.0 , 64 bit Build 18362 (10.0.18362.1350)

CPU:total 12 (initial active 12) (12 cores per cpu, 1 threads per core) family 23 model 113 stepping 0, cmov, cx8, fxsr, mmx, sse, sse2, sse3, ssse3, sse4.1, sse4.2, popcnt, avx, avx2, aes, clmul, mmxext, 3dnowpref, lzcnt, sse4a, tsc, tscinvbit, tscinv, bmi1

Memory: 4k page, physical 16725108k(1168716k free), swap 27210868k(4316k free)

vm_info: OpenJDK 64-Bit Server VM (25.242-b01) for windows-amd64 JRE (1.8.0_242-release-1644-b01), built by "builder" with MS VC++ 10.0 (VS2010)

time: Mon Apr 12 00:38:21 2021
timezone: 中国标准时间
elapsed time: 10063 seconds (0d 2h 47m 43s)

